2013-01-09 21:39:29,938 | INFO | request 1 friendList page of renrenId=233330059,curpage=1
2013-01-09 21:39:29,939 | DEBUG | request | success | traceId=10001, url=http://friend.renren.com/GetFriendList.do?curpage=1&id=233330059
2013-01-09 21:39:30,108 | DEBUG | rsponse | success | traceId=10001, timecost=0.16841602325439453
2013-01-09 21:39:30,109 | DEBUG | mkdir ./renrenData/pages
2013-01-09 21:39:30,112 | INFO | request 1 status page of renrenId=233330059,curpage=1
2013-01-09 21:39:30,113 | DEBUG | request | success | traceId=10002, url=http://status.renren.com/status?curpage=1&id=233330059&__view=async-html
2013-01-09 21:39:30,294 | DEBUG | rsponse | success | traceId=10002, timecost=0.18059897422790527
2013-01-09 21:39:30,299 | INFO | request profile of renrenId=233330059
2013-01-09 21:39:30,299 | DEBUG | request | success | traceId=10003, url=http://www.renren.com/233330059/profile?v=info_ajax
2013-01-09 21:39:30,425 | DEBUG | rsponse | success | traceId=10003, timecost=0.12515497207641602
2013-01-09 21:39:30,429 | DEBUG | request friendList of renrenId=233330059
2013-01-09 21:39:30,429 | DEBUG | request | success | traceId=10004, url=http://friend.renren.com/GetFriendList.do?curpage=0&id=233330059
2013-01-09 21:39:31,046 | DEBUG | rsponse | success | traceId=10004, timecost=0.616441011428833
2013-01-09 21:39:31,048 | DEBUG | request | success | traceId=10005, url=http://friend.renren.com/GetFriendList.do?curpage=1&id=233330059
2013-01-09 21:39:31,317 | DEBUG | rsponse | success | traceId=10005, timecost=0.2687809467315674
2013-01-09 21:39:31,318 | DEBUG | request | success | traceId=10006, url=http://friend.renren.com/GetFriendList.do?curpage=2&id=233330059
2013-01-09 21:39:31,463 | DEBUG | rsponse | success | traceId=10006, timecost=0.14470291137695312
2013-01-09 21:39:31,464 | DEBUG | request | success | traceId=10007, url=http://friend.renren.com/GetFriendList.do?curpage=3&id=233330059
2013-01-09 21:39:31,615 | DEBUG | rsponse | success | traceId=10007, timecost=0.14974093437194824
2013-01-09 21:39:31,616 | DEBUG | request | success | traceId=10008, url=http://friend.renren.com/GetFriendList.do?curpage=4&id=233330059
2013-01-09 21:39:31,761 | DEBUG | rsponse | success | traceId=10008, timecost=0.14482402801513672
2013-01-09 21:39:31,762 | DEBUG | request | success | traceId=10009, url=http://friend.renren.com/GetFriendList.do?curpage=5&id=233330059
2013-01-09 21:39:31,952 | DEBUG | rsponse | success | traceId=10009, timecost=0.18929100036621094
2013-01-09 21:39:31,953 | DEBUG | request | success | traceId=10010, url=http://friend.renren.com/GetFriendList.do?curpage=6&id=233330059
2013-01-09 21:39:32,100 | DEBUG | rsponse | success | traceId=10010, timecost=0.14664602279663086
2013-01-09 21:39:32,102 | DEBUG | request | success | traceId=10011, url=http://friend.renren.com/GetFriendList.do?curpage=7&id=233330059
2013-01-09 21:39:32,298 | DEBUG | rsponse | success | traceId=10011, timecost=0.19636011123657227
2013-01-09 21:39:32,300 | DEBUG | request | success | traceId=10012, url=http://friend.renren.com/GetFriendList.do?curpage=8&id=233330059
2013-01-09 21:39:32,448 | DEBUG | rsponse | success | traceId=10012, timecost=0.14732789993286133
2013-01-09 21:39:32,449 | DEBUG | request | success | traceId=10013, url=http://friend.renren.com/GetFriendList.do?curpage=9&id=233330059
2013-01-09 21:39:32,735 | DEBUG | rsponse | success | traceId=10013, timecost=0.2861669063568115
2013-01-09 21:39:32,736 | DEBUG | request | success | traceId=10014, url=http://friend.renren.com/GetFriendList.do?curpage=10&id=233330059
2013-01-09 21:39:33,006 | DEBUG | rsponse | success | traceId=10014, timecost=0.2689809799194336
2013-01-09 21:39:33,007 | DEBUG | request | success | traceId=10015, url=http://friend.renren.com/GetFriendList.do?curpage=11&id=233330059
2013-01-09 21:39:33,254 | DEBUG | rsponse | success | traceId=10015, timecost=0.24606800079345703
2013-01-09 21:39:33,255 | DEBUG | request | success | traceId=10016, url=http://friend.renren.com/GetFriendList.do?curpage=12&id=233330059
2013-01-09 21:39:33,409 | DEBUG | rsponse | success | traceId=10016, timecost=0.15427184104919434
2013-01-09 21:39:33,410 | DEBUG | request | success | traceId=10017, url=http://friend.renren.com/GetFriendList.do?curpage=13&id=233330059
2013-01-09 21:39:33,603 | DEBUG | rsponse | success | traceId=10017, timecost=0.19258880615234375
2013-01-09 21:39:33,604 | DEBUG | request | success | traceId=10018, url=http://friend.renren.com/GetFriendList.do?curpage=14&id=233330059
2013-01-09 21:39:33,748 | DEBUG | rsponse | success | traceId=10018, timecost=0.14320802688598633
2013-01-09 21:39:33,749 | DEBUG | request | success | traceId=10019, url=http://friend.renren.com/GetFriendList.do?curpage=15&id=233330059
2013-01-09 21:39:33,944 | DEBUG | rsponse | success | traceId=10019, timecost=0.1942598819732666
2013-01-09 21:39:33,945 | DEBUG | request | success | traceId=10020, url=http://friend.renren.com/GetFriendList.do?curpage=16&id=233330059
2013-01-09 21:39:34,088 | DEBUG | rsponse | success | traceId=10020, timecost=0.1421198844909668
2013-01-09 21:39:34,089 | DEBUG | request | success | traceId=10021, url=http://friend.renren.com/GetFriendList.do?curpage=17&id=233330059
2013-01-09 21:39:34,234 | DEBUG | rsponse | success | traceId=10021, timecost=0.14406394958496094
2013-01-09 21:39:34,235 | DEBUG | request | success | traceId=10022, url=http://friend.renren.com/GetFriendList.do?curpage=18&id=233330059
2013-01-09 21:39:34,382 | DEBUG | rsponse | success | traceId=10022, timecost=0.14618301391601562
2013-01-09 21:39:34,383 | DEBUG | request | success | traceId=10023, url=http://friend.renren.com/GetFriendList.do?curpage=19&id=233330059
2013-01-09 21:39:34,578 | DEBUG | rsponse | success | traceId=10023, timecost=0.19470000267028809
2013-01-09 21:39:34,579 | DEBUG | request | success | traceId=10024, url=http://friend.renren.com/GetFriendList.do?curpage=20&id=233330059
2013-01-09 21:39:34,724 | DEBUG | rsponse | success | traceId=10024, timecost=0.14471101760864258
2013-01-09 21:39:34,726 | DEBUG | request | success | traceId=10025, url=http://friend.renren.com/GetFriendList.do?curpage=21&id=233330059
2013-01-09 21:39:34,917 | DEBUG | rsponse | success | traceId=10025, timecost=0.19068193435668945
2013-01-09 21:39:34,918 | DEBUG | request | success | traceId=10026, url=http://friend.renren.com/GetFriendList.do?curpage=22&id=233330059
2013-01-09 21:39:35,109 | DEBUG | rsponse | success | traceId=10026, timecost=0.18959903717041016
2013-01-09 21:39:35,110 | DEBUG | request | success | traceId=10027, url=http://friend.renren.com/GetFriendList.do?curpage=23&id=233330059
2013-01-09 21:39:35,300 | DEBUG | rsponse | success | traceId=10027, timecost=0.18875598907470703
2013-01-09 21:39:35,301 | DEBUG | request | success | traceId=10028, url=http://friend.renren.com/GetFriendList.do?curpage=24&id=233330059
2013-01-09 21:39:35,568 | DEBUG | rsponse | success | traceId=10028, timecost=0.2658097743988037
2013-01-09 21:39:35,569 | DEBUG | request | success | traceId=10029, url=http://friend.renren.com/GetFriendList.do?curpage=25&id=233330059
2013-01-09 21:39:35,840 | DEBUG | rsponse | success | traceId=10029, timecost=0.26959681510925293
2013-01-09 21:39:35,841 | DEBUG | request | success | traceId=10030, url=http://friend.renren.com/GetFriendList.do?curpage=26&id=233330059
2013-01-09 21:39:36,033 | DEBUG | rsponse | success | traceId=10030, timecost=0.1910099983215332
2013-01-09 21:39:36,034 | DEBUG | request | success | traceId=10031, url=http://friend.renren.com/GetFriendList.do?curpage=27&id=233330059
2013-01-09 21:39:36,180 | DEBUG | rsponse | success | traceId=10031, timecost=0.14517784118652344
2013-01-09 21:39:36,181 | DEBUG | request | success | traceId=10032, url=http://friend.renren.com/GetFriendList.do?curpage=28&id=233330059
2013-01-09 21:39:36,326 | DEBUG | rsponse | success | traceId=10032, timecost=0.14421296119689941
2013-01-09 21:39:36,327 | DEBUG | request | success | traceId=10033, url=http://friend.renren.com/GetFriendList.do?curpage=29&id=233330059
2013-01-09 21:39:36,518 | DEBUG | rsponse | success | traceId=10033, timecost=0.18961596488952637
2013-01-09 21:39:36,519 | DEBUG | request | success | traceId=10034, url=http://friend.renren.com/GetFriendList.do?curpage=30&id=233330059
2013-01-09 21:39:36,662 | DEBUG | rsponse | success | traceId=10034, timecost=0.14229607582092285
2013-01-09 21:39:36,664 | DEBUG | request | success | traceId=10035, url=http://friend.renren.com/GetFriendList.do?curpage=31&id=233330059
2013-01-09 21:39:36,934 | DEBUG | rsponse | success | traceId=10035, timecost=0.2693309783935547
2013-01-09 21:39:36,935 | DEBUG | request | success | traceId=10036, url=http://friend.renren.com/GetFriendList.do?curpage=32&id=233330059
2013-01-09 21:39:37,125 | DEBUG | rsponse | success | traceId=10036, timecost=0.18998289108276367
2013-01-09 21:39:37,127 | DEBUG | request | success | traceId=10037, url=http://friend.renren.com/GetFriendList.do?curpage=33&id=233330059
2013-01-09 21:39:37,271 | DEBUG | rsponse | success | traceId=10037, timecost=0.14359617233276367
2013-01-09 21:39:37,273 | DEBUG | request | success | traceId=10038, url=http://friend.renren.com/GetFriendList.do?curpage=34&id=233330059
2013-01-09 21:39:37,421 | DEBUG | rsponse | success | traceId=10038, timecost=0.1471860408782959
2013-01-09 21:39:37,422 | DEBUG | request | success | traceId=10039, url=http://friend.renren.com/GetFriendList.do?curpage=35&id=233330059
2013-01-09 21:39:37,568 | DEBUG | rsponse | success | traceId=10039, timecost=0.14560508728027344
2013-01-09 21:39:37,569 | DEBUG | request | success | traceId=10040, url=http://friend.renren.com/GetFriendList.do?curpage=36&id=233330059
2013-01-09 21:39:37,712 | DEBUG | rsponse | success | traceId=10040, timecost=0.14186692237854004
2013-01-09 21:39:37,713 | DEBUG | request | success | traceId=10041, url=http://friend.renren.com/GetFriendList.do?curpage=37&id=233330059
2013-01-09 21:39:37,982 | DEBUG | rsponse | success | traceId=10041, timecost=0.2680931091308594
2013-01-09 21:39:37,983 | DEBUG | request | success | traceId=10042, url=http://friend.renren.com/GetFriendList.do?curpage=38&id=233330059
2013-01-09 21:39:38,171 | DEBUG | rsponse | success | traceId=10042, timecost=0.18691110610961914
2013-01-09 21:39:38,172 | DEBUG | request | success | traceId=10043, url=http://friend.renren.com/GetFriendList.do?curpage=39&id=233330059
2013-01-09 21:39:38,320 | DEBUG | rsponse | success | traceId=10043, timecost=0.14665913581848145
2013-01-09 21:39:38,321 | DEBUG | request | success | traceId=10044, url=http://friend.renren.com/GetFriendList.do?curpage=40&id=233330059
2013-01-09 21:39:38,604 | DEBUG | rsponse | success | traceId=10044, timecost=0.28194403648376465
2013-01-09 21:39:38,605 | DEBUG | request | success | traceId=10045, url=http://friend.renren.com/GetFriendList.do?curpage=41&id=233330059
2013-01-09 21:39:38,752 | DEBUG | rsponse | success | traceId=10045, timecost=0.14581799507141113
2013-01-09 21:39:38,754 | DEBUG | request | success | traceId=10046, url=http://friend.renren.com/GetFriendList.do?curpage=42&id=233330059
2013-01-09 21:39:38,902 | DEBUG | rsponse | success | traceId=10046, timecost=0.1471850872039795
2013-01-09 21:39:38,903 | DEBUG | request | success | traceId=10047, url=http://friend.renren.com/GetFriendList.do?curpage=43&id=233330059
2013-01-09 21:39:39,173 | DEBUG | rsponse | success | traceId=10047, timecost=0.2692711353302002
2013-01-09 21:39:39,174 | DEBUG | request | success | traceId=10048, url=http://friend.renren.com/GetFriendList.do?curpage=44&id=233330059
2013-01-09 21:39:39,319 | DEBUG | rsponse | success | traceId=10048, timecost=0.14415502548217773
2013-01-09 21:39:39,321 | DEBUG | request | success | traceId=10049, url=http://friend.renren.com/GetFriendList.do?curpage=45&id=233330059
2013-01-09 21:39:39,467 | DEBUG | rsponse | success | traceId=10049, timecost=0.14548993110656738
2013-01-09 21:39:39,468 | DEBUG | request | success | traceId=10050, url=http://friend.renren.com/GetFriendList.do?curpage=46&id=233330059
2013-01-09 21:39:39,659 | DEBUG | rsponse | success | traceId=10050, timecost=0.18987107276916504
2013-01-09 21:39:39,660 | DEBUG | request | success | traceId=10051, url=http://friend.renren.com/GetFriendList.do?curpage=47&id=233330059
2013-01-09 21:39:39,831 | DEBUG | rsponse | success | traceId=10051, timecost=0.1699390411376953
2013-01-09 21:39:39,832 | DEBUG | request | success | traceId=10052, url=http://friend.renren.com/GetFriendList.do?curpage=48&id=233330059
2013-01-09 21:39:39,955 | DEBUG | rsponse | success | traceId=10052, timecost=0.12166810035705566
2013-01-09 21:39:39,956 | INFO | friendList of renrenId=233330059 has 47 pages, total items: 953
2013-01-09 21:39:39,956 | DEBUG | request status of renrenId=233330059
2013-01-09 21:39:39,957 | DEBUG | request | success | traceId=10053, url=http://status.renren.com/status?curpage=0&id=233330059&__view=async-html
2013-01-09 21:39:40,419 | DEBUG | rsponse | success | traceId=10053, timecost=0.46129894256591797
2013-01-09 21:39:40,420 | DEBUG | request | success | traceId=10054, url=http://status.renren.com/status?curpage=1&id=233330059&__view=async-html
2013-01-09 21:39:40,644 | DEBUG | rsponse | success | traceId=10054, timecost=0.2225329875946045
2013-01-09 21:39:40,645 | DEBUG | request | success | traceId=10055, url=http://status.renren.com/status?curpage=2&id=233330059&__view=async-html
2013-01-09 21:39:40,868 | DEBUG | rsponse | success | traceId=10055, timecost=0.22281408309936523
2013-01-09 21:39:40,869 | DEBUG | request | success | traceId=10056, url=http://status.renren.com/status?curpage=3&id=233330059&__view=async-html
2013-01-09 21:39:41,047 | DEBUG | rsponse | success | traceId=10056, timecost=0.17736005783081055
2013-01-09 21:39:41,049 | DEBUG | request | success | traceId=10057, url=http://status.renren.com/status?curpage=4&id=233330059&__view=async-html
2013-01-09 21:39:41,287 | DEBUG | rsponse | success | traceId=10057, timecost=0.23781991004943848
2013-01-09 21:39:41,288 | DEBUG | request | success | traceId=10058, url=http://status.renren.com/status?curpage=5&id=233330059&__view=async-html
2013-01-09 21:39:41,501 | DEBUG | rsponse | success | traceId=10058, timecost=0.21178102493286133
2013-01-09 21:39:41,502 | DEBUG | request | success | traceId=10059, url=http://status.renren.com/status?curpage=6&id=233330059&__view=async-html
2013-01-09 21:39:41,695 | DEBUG | rsponse | success | traceId=10059, timecost=0.1915760040283203
2013-01-09 21:39:41,696 | DEBUG | request | success | traceId=10060, url=http://status.renren.com/status?curpage=7&id=233330059&__view=async-html
2013-01-09 21:39:41,870 | DEBUG | rsponse | success | traceId=10060, timecost=0.17362213134765625
2013-01-09 21:39:41,871 | DEBUG | request | success | traceId=10061, url=http://status.renren.com/status?curpage=8&id=233330059&__view=async-html
2013-01-09 21:39:42,096 | DEBUG | rsponse | success | traceId=10061, timecost=0.224168062210083
2013-01-09 21:39:42,098 | DEBUG | request | success | traceId=10062, url=http://status.renren.com/status?curpage=9&id=233330059&__view=async-html
2013-01-09 21:39:42,281 | DEBUG | rsponse | success | traceId=10062, timecost=0.1826920509338379
2013-01-09 21:39:42,282 | DEBUG | request | success | traceId=10063, url=http://status.renren.com/status?curpage=10&id=233330059&__view=async-html
2013-01-09 21:39:42,501 | DEBUG | rsponse | success | traceId=10063, timecost=0.21843290328979492
2013-01-09 21:39:42,502 | DEBUG | request | success | traceId=10064, url=http://status.renren.com/status?curpage=11&id=233330059&__view=async-html
2013-01-09 21:39:42,860 | DEBUG | rsponse | success | traceId=10064, timecost=0.35688281059265137
2013-01-09 21:39:42,861 | DEBUG | request | success | traceId=10065, url=http://status.renren.com/status?curpage=12&id=233330059&__view=async-html
2013-01-09 21:39:43,083 | DEBUG | rsponse | success | traceId=10065, timecost=0.22102618217468262
2013-01-09 21:39:43,084 | DEBUG | request | success | traceId=10066, url=http://status.renren.com/status?curpage=13&id=233330059&__view=async-html
2013-01-09 21:39:43,267 | DEBUG | rsponse | success | traceId=10066, timecost=0.18195891380310059
2013-01-09 21:39:43,268 | DEBUG | request | success | traceId=10067, url=http://status.renren.com/status?curpage=14&id=233330059&__view=async-html
2013-01-09 21:39:43,498 | DEBUG | rsponse | success | traceId=10067, timecost=0.2291090488433838
2013-01-09 21:39:43,500 | DEBUG | request | success | traceId=10068, url=http://status.renren.com/status?curpage=15&id=233330059&__view=async-html
2013-01-09 21:39:43,684 | DEBUG | rsponse | success | traceId=10068, timecost=0.18410110473632812
2013-01-09 21:39:43,686 | DEBUG | request | success | traceId=10069, url=http://status.renren.com/status?curpage=16&id=233330059&__view=async-html
2013-01-09 21:39:43,908 | DEBUG | rsponse | success | traceId=10069, timecost=0.2212541103363037
2013-01-09 21:39:43,909 | DEBUG | request | success | traceId=10070, url=http://status.renren.com/status?curpage=17&id=233330059&__view=async-html
2013-01-09 21:39:44,120 | DEBUG | rsponse | success | traceId=10070, timecost=0.2110280990600586
2013-01-09 21:39:44,122 | DEBUG | request | success | traceId=10071, url=http://status.renren.com/status?curpage=18&id=233330059&__view=async-html
2013-01-09 21:39:44,338 | DEBUG | rsponse | success | traceId=10071, timecost=0.21532106399536133
2013-01-09 21:39:44,339 | DEBUG | request | success | traceId=10072, url=http://status.renren.com/status?curpage=19&id=233330059&__view=async-html
2013-01-09 21:39:44,519 | DEBUG | rsponse | success | traceId=10072, timecost=0.1800229549407959
2013-01-09 21:39:44,521 | DEBUG | request | success | traceId=10073, url=http://status.renren.com/status?curpage=20&id=233330059&__view=async-html
2013-01-09 21:39:44,703 | DEBUG | rsponse | success | traceId=10073, timecost=0.18118906021118164
2013-01-09 21:39:44,704 | DEBUG | request | success | traceId=10074, url=http://status.renren.com/status?curpage=21&id=233330059&__view=async-html
2013-01-09 21:39:44,887 | DEBUG | rsponse | success | traceId=10074, timecost=0.18247699737548828
2013-01-09 21:39:44,889 | DEBUG | request | success | traceId=10075, url=http://status.renren.com/status?curpage=22&id=233330059&__view=async-html
2013-01-09 21:39:45,075 | DEBUG | rsponse | success | traceId=10075, timecost=0.18526077270507812
2013-01-09 21:39:45,076 | DEBUG | request | success | traceId=10076, url=http://status.renren.com/status?curpage=23&id=233330059&__view=async-html
2013-01-09 21:39:45,259 | DEBUG | rsponse | success | traceId=10076, timecost=0.18158912658691406
2013-01-09 21:39:45,260 | DEBUG | request | success | traceId=10077, url=http://status.renren.com/status?curpage=24&id=233330059&__view=async-html
2013-01-09 21:39:45,474 | DEBUG | rsponse | success | traceId=10077, timecost=0.21390008926391602
2013-01-09 21:39:45,475 | DEBUG | request | success | traceId=10078, url=http://status.renren.com/status?curpage=25&id=233330059&__view=async-html
2013-01-09 21:39:45,689 | DEBUG | rsponse | success | traceId=10078, timecost=0.212846040725708
2013-01-09 21:39:45,690 | DEBUG | request | success | traceId=10079, url=http://status.renren.com/status?curpage=26&id=233330059&__view=async-html
2013-01-09 21:39:45,871 | DEBUG | rsponse | success | traceId=10079, timecost=0.17961692810058594
2013-01-09 21:39:45,872 | DEBUG | request | success | traceId=10080, url=http://status.renren.com/status?curpage=27&id=233330059&__view=async-html
2013-01-09 21:39:46,098 | DEBUG | rsponse | success | traceId=10080, timecost=0.2257518768310547
2013-01-09 21:39:46,100 | DEBUG | request | success | traceId=10081, url=http://status.renren.com/status?curpage=28&id=233330059&__view=async-html
2013-01-09 21:39:46,316 | DEBUG | rsponse | success | traceId=10081, timecost=0.21530485153198242
2013-01-09 21:39:46,317 | DEBUG | request | success | traceId=10082, url=http://status.renren.com/status?curpage=29&id=233330059&__view=async-html
2013-01-09 21:39:46,502 | DEBUG | rsponse | success | traceId=10082, timecost=0.18428993225097656
2013-01-09 21:39:46,503 | DEBUG | request | success | traceId=10083, url=http://status.renren.com/status?curpage=30&id=233330059&__view=async-html
2013-01-09 21:39:46,690 | DEBUG | rsponse | success | traceId=10083, timecost=0.1857619285583496
2013-01-09 21:39:46,691 | DEBUG | request | success | traceId=10084, url=http://status.renren.com/status?curpage=31&id=233330059&__view=async-html
2013-01-09 21:39:46,849 | DEBUG | rsponse | success | traceId=10084, timecost=0.15781497955322266
2013-01-09 21:39:46,850 | INFO | status of renrenId=233330059 has 30 pages, total items: 1
